{"contracts/ERC1132.sol":{"l":{},"path":"/Volumes/Dev/sdcoin-platform/sdplatform-smartcontract/contracts/ERC1132.sol","s":{},"b":{},"f":{},"fnMap":{},"statementMap":{},"branchMap":{}},"contracts/GIV.sol":{"l":{"29":1,"30":1,"37":1,"45":1,"52":1,"59":1,"71":7,"75":7,"76":5,"78":3,"79":2,"81":3,"83":3,"85":3,"86":3,"99":8,"101":8,"102":6,"104":4,"105":3,"107":4,"109":2,"111":2,"112":2,"124":31,"125":27,"138":2,"139":1,"148":5,"150":5,"151":3,"162":3,"164":1,"166":1,"167":1,"177":5,"178":1,"180":1,"182":1,"183":1,"193":7,"194":4,"203":4,"205":4,"206":5,"207":5,"208":3,"209":3,"210":3,"214":4,"215":3,"224":2,"226":2,"227":2,"228":2},"path":"/Volumes/Dev/sdcoin-platform/sdplatform-smartcontract/contracts/GIV.sol","s":{"1":1,"2":1,"3":1,"4":1,"5":1,"6":1,"7":7,"8":7,"9":5,"10":3,"11":2,"12":3,"13":3,"14":3,"15":3,"16":8,"17":8,"18":6,"19":4,"20":3,"21":4,"22":2,"23":2,"24":2,"25":31,"26":27,"27":2,"28":1,"29":5,"30":5,"31":3,"32":3,"33":1,"34":1,"35":1,"36":5,"37":1,"38":1,"39":1,"40":1,"41":7,"42":4,"43":4,"44":4,"45":5,"46":5,"47":3,"48":3,"49":3,"50":4,"51":3,"52":2,"53":2,"54":2,"55":2},"b":{"1":[5,2],"2":[3,2],"3":[2,1],"4":[6,2],"5":[4,2],"6":[3,1],"7":[27,4],"8":[1,1],"9":[1,2],"10":[1,4],"11":[4,3],"12":[3,2],"13":[3,1]},"f":{"1":1,"2":1,"3":1,"4":1,"5":1,"6":7,"7":8,"8":31,"9":2,"10":5,"11":3,"12":5,"13":7,"14":4,"15":2},"fnMap":{"1":{"name":"constructor","line":28,"loc":{"start":{"line":28,"column":4},"end":{"line":28,"column":60}}},"2":{"name":"mint","line":35,"loc":{"start":{"line":35,"column":4},"end":{"line":36,"column":35}}},"3":{"name":"burnFrom","line":43,"loc":{"start":{"line":43,"column":4},"end":{"line":44,"column":35}}},"4":{"name":"addWhitelisted","line":50,"loc":{"start":{"line":50,"column":4},"end":{"line":51,"column":38}}},"5":{"name":"removeWhitelisted","line":57,"loc":{"start":{"line":57,"column":4},"end":{"line":58,"column":38}}},"6":{"name":"lock","line":69,"loc":{"start":{"line":69,"column":4},"end":{"line":70,"column":50}}},"7":{"name":"transferWithLock","line":97,"loc":{"start":{"line":97,"column":4},"end":{"line":98,"column":50}}},"8":{"name":"tokensLocked","line":122,"loc":{"start":{"line":122,"column":4},"end":{"line":123,"column":60}}},"9":{"name":"tokensLockedAtTime","line":136,"loc":{"start":{"line":136,"column":4},"end":{"line":137,"column":60}}},"10":{"name":"totalBalanceOf","line":146,"loc":{"start":{"line":146,"column":4},"end":{"line":147,"column":60}}},"11":{"name":"extendLock","line":160,"loc":{"start":{"line":160,"column":4},"end":{"line":161,"column":50}}},"12":{"name":"increaseLockAmount","line":175,"loc":{"start":{"line":175,"column":4},"end":{"line":176,"column":50}}},"13":{"name":"tokensUnlockable","line":191,"loc":{"start":{"line":191,"column":4},"end":{"line":192,"column":60}}},"14":{"name":"unlock","line":201,"loc":{"start":{"line":201,"column":4},"end":{"line":202,"column":70}}},"15":{"name":"getUnlockableTokens","line":222,"loc":{"start":{"line":222,"column":4},"end":{"line":223,"column":70}}}},"statementMap":{"1":{"start":{"line":29,"column":8},"end":{"line":29,"column":65}},"2":{"start":{"line":30,"column":8},"end":{"line":30,"column":34}},"3":{"start":{"line":37,"column":8},"end":{"line":37,"column":31}},"4":{"start":{"line":45,"column":8},"end":{"line":45,"column":35}},"5":{"start":{"line":52,"column":8},"end":{"line":52,"column":32}},"6":{"start":{"line":59,"column":8},"end":{"line":59,"column":35}},"7":{"start":{"line":71,"column":8},"end":{"line":71,"column":43}},"8":{"start":{"line":75,"column":8},"end":{"line":75,"column":70}},"9":{"start":{"line":76,"column":8},"end":{"line":76,"column":41}},"10":{"start":{"line":78,"column":8},"end":{"line":78,"column":2839}},"11":{"start":{"line":79,"column":12},"end":{"line":79,"column":47}},"12":{"start":{"line":81,"column":8},"end":{"line":81,"column":39}},"13":{"start":{"line":83,"column":8},"end":{"line":83,"column":74}},"14":{"start":{"line":85,"column":8},"end":{"line":85,"column":61}},"15":{"start":{"line":86,"column":8},"end":{"line":86,"column":19}},"16":{"start":{"line":99,"column":8},"end":{"line":99,"column":43}},"17":{"start":{"line":101,"column":8},"end":{"line":101,"column":63}},"18":{"start":{"line":102,"column":8},"end":{"line":102,"column":41}},"19":{"start":{"line":104,"column":8},"end":{"line":104,"column":3795}},"20":{"start":{"line":105,"column":12},"end":{"line":105,"column":40}},"21":{"start":{"line":107,"column":8},"end":{"line":107,"column":39}},"22":{"start":{"line":109,"column":8},"end":{"line":109,"column":67}},"23":{"start":{"line":111,"column":8},"end":{"line":111,"column":54}},"24":{"start":{"line":112,"column":8},"end":{"line":112,"column":19}},"25":{"start":{"line":124,"column":8},"end":{"line":124,"column":4451}},"26":{"start":{"line":125,"column":12},"end":{"line":125,"column":47}},"27":{"start":{"line":138,"column":8},"end":{"line":138,"column":5015}},"28":{"start":{"line":139,"column":12},"end":{"line":139,"column":47}},"29":{"start":{"line":148,"column":8},"end":{"line":148,"column":30}},"30":{"start":{"line":150,"column":8},"end":{"line":150,"column":5383}},"31":{"start":{"line":151,"column":12},"end":{"line":151,"column":69}},"32":{"start":{"line":162,"column":8},"end":{"line":162,"column":65}},"33":{"start":{"line":164,"column":8},"end":{"line":164,"column":93}},"34":{"start":{"line":166,"column":8},"end":{"line":166,"column":114}},"35":{"start":{"line":167,"column":8},"end":{"line":167,"column":19}},"36":{"start":{"line":177,"column":8},"end":{"line":177,"column":65}},"37":{"start":{"line":178,"column":8},"end":{"line":178,"column":39}},"38":{"start":{"line":180,"column":8},"end":{"line":180,"column":91}},"39":{"start":{"line":182,"column":8},"end":{"line":182,"column":114}},"40":{"start":{"line":183,"column":8},"end":{"line":183,"column":19}},"41":{"start":{"line":193,"column":8},"end":{"line":193,"column":7207}},"42":{"start":{"line":194,"column":12},"end":{"line":194,"column":47}},"43":{"start":{"line":203,"column":8},"end":{"line":203,"column":28}},"44":{"start":{"line":205,"column":8},"end":{"line":205,"column":7597}},"45":{"start":{"line":206,"column":12},"end":{"line":206,"column":67}},"46":{"start":{"line":207,"column":12},"end":{"line":207,"column":7738}},"47":{"start":{"line":208,"column":16},"end":{"line":208,"column":68}},"48":{"start":{"line":209,"column":16},"end":{"line":209,"column":61}},"49":{"start":{"line":210,"column":16},"end":{"line":210,"column":68}},"50":{"start":{"line":214,"column":8},"end":{"line":214,"column":8036}},"51":{"start":{"line":215,"column":12},"end":{"line":215,"column":47}},"52":{"start":{"line":224,"column":8},"end":{"line":224,"column":28}},"53":{"start":{"line":226,"column":8},"end":{"line":226,"column":8398}},"54":{"start":{"line":227,"column":12},"end":{"line":227,"column":67}},"55":{"start":{"line":228,"column":12},"end":{"line":228,"column":64}}},"branchMap":{"1":{"line":75,"type":"if","locations":[{"start":{"line":75,"column":8},"end":{"line":75,"column":8}},{"start":{"line":75,"column":8},"end":{"line":75,"column":8}}]},"2":{"line":76,"type":"if","locations":[{"start":{"line":76,"column":8},"end":{"line":76,"column":8}},{"start":{"line":76,"column":8},"end":{"line":76,"column":8}}]},"3":{"line":78,"type":"if","locations":[{"start":{"line":78,"column":8},"end":{"line":78,"column":8}},{"start":{"line":78,"column":8},"end":{"line":78,"column":8}}]},"4":{"line":101,"type":"if","locations":[{"start":{"line":101,"column":8},"end":{"line":101,"column":8}},{"start":{"line":101,"column":8},"end":{"line":101,"column":8}}]},"5":{"line":102,"type":"if","locations":[{"start":{"line":102,"column":8},"end":{"line":102,"column":8}},{"start":{"line":102,"column":8},"end":{"line":102,"column":8}}]},"6":{"line":104,"type":"if","locations":[{"start":{"line":104,"column":8},"end":{"line":104,"column":8}},{"start":{"line":104,"column":8},"end":{"line":104,"column":8}}]},"7":{"line":124,"type":"if","locations":[{"start":{"line":124,"column":8},"end":{"line":124,"column":8}},{"start":{"line":124,"column":8},"end":{"line":124,"column":8}}]},"8":{"line":138,"type":"if","locations":[{"start":{"line":138,"column":8},"end":{"line":138,"column":8}},{"start":{"line":138,"column":8},"end":{"line":138,"column":8}}]},"9":{"line":162,"type":"if","locations":[{"start":{"line":162,"column":8},"end":{"line":162,"column":8}},{"start":{"line":162,"column":8},"end":{"line":162,"column":8}}]},"10":{"line":177,"type":"if","locations":[{"start":{"line":177,"column":8},"end":{"line":177,"column":8}},{"start":{"line":177,"column":8},"end":{"line":177,"column":8}}]},"11":{"line":193,"type":"if","locations":[{"start":{"line":193,"column":8},"end":{"line":193,"column":8}},{"start":{"line":193,"column":8},"end":{"line":193,"column":8}}]},"12":{"line":207,"type":"if","locations":[{"start":{"line":207,"column":12},"end":{"line":207,"column":12}},{"start":{"line":207,"column":12},"end":{"line":207,"column":12}}]},"13":{"line":214,"type":"if","locations":[{"start":{"line":214,"column":8},"end":{"line":214,"column":8}},{"start":{"line":214,"column":8},"end":{"line":214,"column":8}}]}}}}